Node IP: x090-2 nodes_array: x090-[2,8]
x090-8-1,5,6,7
x090-8-1,5,6,7
x090-8-1,5,6,7
x090-2-1,5,6,7

CommandNotFoundError: Your shell has not been properly configured to use 'conda activate'.
To initialize your shell, run

    $ conda init <SHELL_NAME>

Currently supported shells are:
  - bash
  - fish
  - tcsh
  - xonsh
  - zsh
  - powershell

See 'conda init --help' for more information and options.

IMPORTANT: You may need to close and restart your shell after running 'conda init'.


slurmstepd: error: execve(): scripts/v1_5/pretrain.sh: Permission denied
slurmstepd: error: execve(): scripts/v1_5/pretrain.sh: Permission denied
slurmstepd: error: execve(): scripts/v1_5/pretrain.sh: Permission denied
srun: error: x090-8: tasks 1-3: Exited with exit code 13
slurmstepd: error: execve(): scripts/v1_5/pretrain.sh: Permission denied
srun: error: x090-2: task 0: Exited with exit code 13
success
